<?xml version="1.0" encoding="UTF-8"?>
<testsuite name="EmployeePayrollServiceTest" tests="1" skipped="0" failures="0" errors="0" timestamp="2021-06-27T06:21:50" hostname="DESKTOP-BS45UV7" time="1.839">
  <properties/>
  <testcase name="given6Employee_WhenAddedToDB_ShouldMatchEmployeeEntries" classname="EmployeePayrollServiceTest" time="1.839"/>
  <system-out><![CDATA[Connecting to database:jdbc:mysql://localhost:3306/payroll_service?useSSL=false
Connection is successful!!!!com.mysql.cj.jdbc.ConnectionImpl@67a6954c
Employee Being Added : Jeff Bezos
Connecting to database:jdbc:mysql://localhost:3306/payroll_service?useSSL=false
Connection is successful!!!!com.mysql.cj.jdbc.ConnectionImpl@59befc36
Employee Added: Jeff Bezos
Employee Being Added : Bill Gates
Connecting to database:jdbc:mysql://localhost:3306/payroll_service?useSSL=false
Connection is successful!!!!com.mysql.cj.jdbc.ConnectionImpl@464a599
Employee Added: Bill Gates
Employee Being Added : Mark Zuckerberg
Connecting to database:jdbc:mysql://localhost:3306/payroll_service?useSSL=false
Connection is successful!!!!com.mysql.cj.jdbc.ConnectionImpl@28b0aa76
Employee Added: Mark Zuckerberg
Employee Being Added : Sunder
Connecting to database:jdbc:mysql://localhost:3306/payroll_service?useSSL=false
Connection is successful!!!!com.mysql.cj.jdbc.ConnectionImpl@6fdf8e5
Employee Added: Sunder
Employee Being Added : Mukesh
Connecting to database:jdbc:mysql://localhost:3306/payroll_service?useSSL=false
Connection is successful!!!!com.mysql.cj.jdbc.ConnectionImpl@13194512
Employee Added: Mukesh
Employee Being Added : Anil
Connecting to database:jdbc:mysql://localhost:3306/payroll_service?useSSL=false
Connection is successful!!!!com.mysql.cj.jdbc.ConnectionImpl@2a009c1a
Employee Added: Anil
[EmployeePayrollData{id=1, name='Bill', salary=3000000.0}, EmployeePayrollData{id=2, name='Mark', salary=2000000.0}, EmployeePayrollData{id=3, name='Charlie', salary=3000000.0}, EmployeePayrollData{id=8, name='John', salary=5000000.0}, EmployeePayrollData{id=9, name='John', salary=5000000.0}, EmployeePayrollData{id=34, name='Jeff Bezos', salary=100000.0}, EmployeePayrollData{id=35, name='Bill Gates', salary=200000.0}, EmployeePayrollData{id=36, name='Mark Zuckerberg', salary=300000.0}, EmployeePayrollData{id=37, name='Sunder', salary=400000.0}, EmployeePayrollData{id=38, name='Mukesh', salary=500000.0}, EmployeePayrollData{id=39, name='Anil', salary=600000.0}]
Duration without Thread: PT1.1279287S
]]></system-out>
  <system-err><![CDATA[]]></system-err>
</testsuite>
